-------------------------------------------------------------------------------
>Log Session: Thursday, March 5, 2020 at 2:48:35 PM Central European Standard Time
>System Info: 
  Product Version         = Apache NetBeans Platform Dev (Build 11.2-d04fb24027334c4b6fd8397b5d0cdd33187a8f54)
  Operating System        = Windows 10 version 10.0 running on amd64
  Java; VM; Vendor        = 11.0.5; Java HotSpot(TM) 64-Bit Server VM 11.0.5+10-LTS; Oracle Corporation
  Runtime                 = Java(TM) SE Runtime Environment 11.0.5+10-LTS
  Java Home               = C:\Program Files\Java\jdk-11.0.5
  System Locale; Encoding = de_DE (netbeansmodul1); Cp1252
  Home Directory          = C:\Users\bende
  Current Directory       = C:\Users\bende\Documents\SDU\4_Semester\CBSE\ComponentBasedAsteroids\NetbeansModul1\application\target\netbeansmodul1
  User Directory          = C:\Users\bende\Documents\SDU\4_Semester\CBSE\ComponentBasedAsteroids\NetbeansModul1\application\target\userdir
  Cache Directory         = C:\Users\bende\Documents\SDU\4_Semester\CBSE\ComponentBasedAsteroids\NetbeansModul1\application\target\userdir\var\cache
  Installation            = C:\Users\bende\Documents\SDU\4_Semester\CBSE\ComponentBasedAsteroids\NetbeansModul1\application\target\netbeansmodul1\asteroidsnetbeansmodules
                            C:\Users\bende\Documents\SDU\4_Semester\CBSE\ComponentBasedAsteroids\NetbeansModul1\application\target\netbeansmodul1\bin
                            C:\Users\bende\Documents\SDU\4_Semester\CBSE\ComponentBasedAsteroids\NetbeansModul1\application\target\netbeansmodul1\etc
                            C:\Users\bende\Documents\SDU\4_Semester\CBSE\ComponentBasedAsteroids\NetbeansModul1\application\target\netbeansmodul1\platform
                            C:\Users\bende\Documents\SDU\4_Semester\CBSE\ComponentBasedAsteroids\NetbeansModul1\application\target\netbeansmodul1\platform
  Boot & Ext. Classpath   = 
  Application Classpath   = C:\Users\bende\Documents\SDU\4_Semester\CBSE\ComponentBasedAsteroids\NetbeansModul1\application\target\netbeansmodul1\platform\lib\boot.jar;C:\Users\bende\Documents\SDU\4_Semester\CBSE\ComponentBasedAsteroids\NetbeansModul1\application\target\netbeansmodul1\platform\lib\org-openide-modules.jar;C:\Users\bende\Documents\SDU\4_Semester\CBSE\ComponentBasedAsteroids\NetbeansModul1\application\target\netbeansmodul1\platform\lib\org-openide-util-lookup.jar;C:\Users\bende\Documents\SDU\4_Semester\CBSE\ComponentBasedAsteroids\NetbeansModul1\application\target\netbeansmodul1\platform\lib\org-openide-util-ui.jar;C:\Users\bende\Documents\SDU\4_Semester\CBSE\ComponentBasedAsteroids\NetbeansModul1\application\target\netbeansmodul1\platform\lib\org-openide-util.jar
  Startup Classpath       = C:\Users\bende\Documents\SDU\4_Semester\CBSE\ComponentBasedAsteroids\NetbeansModul1\application\target\netbeansmodul1\platform\core\asm-all-5.0.1.jar;C:\Users\bende\Documents\SDU\4_Semester\CBSE\ComponentBasedAsteroids\NetbeansModul1\application\target\netbeansmodul1\platform\core\core-base.jar;C:\Users\bende\Documents\SDU\4_Semester\CBSE\ComponentBasedAsteroids\NetbeansModul1\application\target\netbeansmodul1\platform\core\core.jar;C:\Users\bende\Documents\SDU\4_Semester\CBSE\ComponentBasedAsteroids\NetbeansModul1\application\target\netbeansmodul1\platform\core\org-netbeans-libs-asm.jar;C:\Users\bende\Documents\SDU\4_Semester\CBSE\ComponentBasedAsteroids\NetbeansModul1\application\target\netbeansmodul1\platform\core\org-openide-filesystems.jar
-------------------------------------------------------------------------------
INFO [org.netbeans.core.startup.NbEvents]: Turning on modules:
	org.openide.util.lookup [8.39 11.2-d04fb24027334c4b6fd8397b5d0cdd33187a8f54]
	org.openide.util [9.13 11.2-d04fb24027334c4b6fd8397b5d0cdd33187a8f54]
	org.openide.util.ui [9.14 11.2-d04fb24027334c4b6fd8397b5d0cdd33187a8f54]
	org.openide.modules [7.54 11.2-d04fb24027334c4b6fd8397b5d0cdd33187a8f54]
	org.netbeans.api.annotations.common/1 [1.33 11.2-d04fb24027334c4b6fd8397b5d0cdd33187a8f54]
	org.openide.filesystems [9.16 11.2-d04fb24027334c4b6fd8397b5d0cdd33187a8f54]
	org.netbeans.api.intent [1.8 11.2-d04fb24027334c4b6fd8397b5d0cdd33187a8f54]
	org.netbeans.api.io [1.9 11.2-d04fb24027334c4b6fd8397b5d0cdd33187a8f54]
	org.openide.io [1.55 11.2-d04fb24027334c4b6fd8397b5d0cdd33187a8f54]
	org.openide.awt [7.74 11.2-d04fb24027334c4b6fd8397b5d0cdd33187a8f54]
	org.netbeans.api.progress/1 [1.53 11.2-d04fb24027334c4b6fd8397b5d0cdd33187a8f54]
	org.netbeans.libs.asm [5.9 11.2-d04fb24027334c4b6fd8397b5d0cdd33187a8f54]
	org.netbeans.bootstrap/1 [2.84 11.2-d04fb24027334c4b6fd8397b5d0cdd33187a8f54]
	org.netbeans.core.startup.base [1.68.0.1 1 11.2-d04fb24027334c4b6fd8397b5d0cdd33187a8f54]
	org.netbeans.core.startup/1 [1.68.0.1 11.2-d04fb24027334c4b6fd8397b5d0cdd33187a8f54]
	org.netbeans.api.progress.nb [1.53 11.2-d04fb24027334c4b6fd8397b5d0cdd33187a8f54]
	org.netbeans.modules.autoupdate.services [1.59 11.2-d04fb24027334c4b6fd8397b5d0cdd33187a8f54]
	dk.sdu.mmmi.cbse.Common [2.0 2.0 202003051002]
	dk.sdu.mmmi.cbse.CommonBullet [2.0 2.0 202003051002]
	dk.sdu.mmmi.cbse.SimpleBullet [2.0 2.0 202003051002]
	dk.sdu.mmmi.cbse.CommonAsteroidSplitter [2.0 2.0 202003051002]
	dk.sdu.mmmi.cbse.CommonAsteroid [2.0 2.0 202003051002]
	dk.sdu.mmmi.cbse.SimpleAsteroidSplitter [2.0 2.0 202003051002]
	dk.sdu.mmmi.cbse.SilentUpdate [1.0 1.0-20200305 202003051026]
	dk.sdu.mmmi.cbse.Player [2.0 2.0 202003051002]
	dk.sdu.mmmi.cbse.Enemy [2.0 2.0 202003051002]
	dk.sdu.mmmi.cbse.Core [2.0 2.0 202003051002]
	dk.sdu.mmmi.cbse.CollisionDetection [2.0 2.0 202003051002]
	dk.sdu.mmmi.cbse.Asteroid [2.0 2.0 202003051002]
INFO [org.netbeans.modules.autoupdate.silentupdate]: None for update/install/uninstall
INFO [null]: Last record repeated again.
INFO [null]: Last record repeated again.
INFO [null]: Last record repeated again.
INFO [null]: Last record repeated 2 more times.
INFO [null]: Last record repeated again.
