-------------------------------------------------------------------------------
>Log Session: Sunday, March 15, 2020 at 2:25:50 PM Central European Standard Time
>System Info: 
  Product Version         = NetBeans Platform 8.2 (Build 201609300101)
  Operating System        = Windows 10 version 10.0 running on amd64
  Java; VM; Vendor        = 11.0.5; Java HotSpot(TM) 64-Bit Server VM 11.0.5+10-LTS; Oracle Corporation
  Runtime                 = Java(TM) SE Runtime Environment 11.0.5+10-LTS
  Java Home               = C:\Program Files\Java\jdk-11.0.5
  System Locale; Encoding = de_DE (asteroidsosgi); Cp1252
  Home Directory          = C:\Users\bende
  Current Directory       = C:\Users\bende\Documents\SDU\4_Semester\CBSE\ComponentBasedAsteroids\AsteroidsOSGi\application\target\asteroidsosgi
  User Directory          = C:\Users\bende\Documents\SDU\4_Semester\CBSE\ComponentBasedAsteroids\AsteroidsOSGi\application\target\userdir
  Cache Directory         = C:\Users\bende\Documents\SDU\4_Semester\CBSE\ComponentBasedAsteroids\AsteroidsOSGi\application\target\userdir\var\cache
  Installation            = C:\Users\bende\Documents\SDU\4_Semester\CBSE\ComponentBasedAsteroids\AsteroidsOSGi\application\target\asteroidsosgi\asteroidsosgi
                            C:\Users\bende\Documents\SDU\4_Semester\CBSE\ComponentBasedAsteroids\AsteroidsOSGi\application\target\asteroidsosgi\bin
                            C:\Users\bende\Documents\SDU\4_Semester\CBSE\ComponentBasedAsteroids\AsteroidsOSGi\application\target\asteroidsosgi\etc
                            C:\Users\bende\Documents\SDU\4_Semester\CBSE\ComponentBasedAsteroids\AsteroidsOSGi\application\target\asteroidsosgi\extra
                            C:\Users\bende\Documents\SDU\4_Semester\CBSE\ComponentBasedAsteroids\AsteroidsOSGi\application\target\asteroidsosgi\platform
                            C:\Users\bende\Documents\SDU\4_Semester\CBSE\ComponentBasedAsteroids\AsteroidsOSGi\application\target\asteroidsosgi\platform
  Boot & Ext. Classpath   = 
  Application Classpath   = C:\Users\bende\Documents\SDU\4_Semester\CBSE\ComponentBasedAsteroids\AsteroidsOSGi\application\target\asteroidsosgi\platform\lib\boot.jar;C:\Users\bende\Documents\SDU\4_Semester\CBSE\ComponentBasedAsteroids\AsteroidsOSGi\application\target\asteroidsosgi\platform\lib\org-openide-modules.jar;C:\Users\bende\Documents\SDU\4_Semester\CBSE\ComponentBasedAsteroids\AsteroidsOSGi\application\target\asteroidsosgi\platform\lib\org-openide-util-lookup.jar;C:\Users\bende\Documents\SDU\4_Semester\CBSE\ComponentBasedAsteroids\AsteroidsOSGi\application\target\asteroidsosgi\platform\lib\org-openide-util-ui.jar;C:\Users\bende\Documents\SDU\4_Semester\CBSE\ComponentBasedAsteroids\AsteroidsOSGi\application\target\asteroidsosgi\platform\lib\org-openide-util.jar;C:\Users\bende\Documents\SDU\4_Semester\CBSE\ComponentBasedAsteroids\AsteroidsOSGi\application\target\asteroidsosgi\platform\lib\locale\boot_ja.jar;C:\Users\bende\Documents\SDU\4_Semester\CBSE\ComponentBasedAsteroids\AsteroidsOSGi\application\target\asteroidsosgi\platform\lib\locale\boot_pt_BR.jar;C:\Users\bende\Documents\SDU\4_Semester\CBSE\ComponentBasedAsteroids\AsteroidsOSGi\application\target\asteroidsosgi\platform\lib\locale\boot_ru.jar;C:\Users\bende\Documents\SDU\4_Semester\CBSE\ComponentBasedAsteroids\AsteroidsOSGi\application\target\asteroidsosgi\platform\lib\locale\boot_zh_CN.jar;C:\Users\bende\Documents\SDU\4_Semester\CBSE\ComponentBasedAsteroids\AsteroidsOSGi\application\target\asteroidsosgi\platform\lib\locale\org-openide-modules_ja.jar;C:\Users\bende\Documents\SDU\4_Semester\CBSE\ComponentBasedAsteroids\AsteroidsOSGi\application\target\asteroidsosgi\platform\lib\locale\org-openide-modules_pt_BR.jar;C:\Users\bende\Documents\SDU\4_Semester\CBSE\ComponentBasedAsteroids\AsteroidsOSGi\application\target\asteroidsosgi\platform\lib\locale\org-openide-modules_ru.jar;C:\Users\bende\Documents\SDU\4_Semester\CBSE\ComponentBasedAsteroids\AsteroidsOSGi\application\target\asteroidsosgi\platform\lib\locale\org-openide-modules_zh_CN.jar;C:\Users\bende\Documents\SDU\4_Semester\CBSE\ComponentBasedAsteroids\AsteroidsOSGi\application\target\asteroidsosgi\platform\lib\locale\org-openide-util-lookup_ja.jar;C:\Users\bende\Documents\SDU\4_Semester\CBSE\ComponentBasedAsteroids\AsteroidsOSGi\application\target\asteroidsosgi\platform\lib\locale\org-openide-util-lookup_pt_BR.jar;C:\Users\bende\Documents\SDU\4_Semester\CBSE\ComponentBasedAsteroids\AsteroidsOSGi\application\target\asteroidsosgi\platform\lib\locale\org-openide-util-lookup_ru.jar;C:\Users\bende\Documents\SDU\4_Semester\CBSE\ComponentBasedAsteroids\AsteroidsOSGi\application\target\asteroidsosgi\platform\lib\locale\org-openide-util-lookup_zh_CN.jar;C:\Users\bende\Documents\SDU\4_Semester\CBSE\ComponentBasedAsteroids\AsteroidsOSGi\application\target\asteroidsosgi\platform\lib\locale\org-openide-util-ui_ja.jar;C:\Users\bende\Documents\SDU\4_Semester\CBSE\ComponentBasedAsteroids\AsteroidsOSGi\application\target\asteroidsosgi\platform\lib\locale\org-openide-util-ui_pt_BR.jar;C:\Users\bende\Documents\SDU\4_Semester\CBSE\ComponentBasedAsteroids\AsteroidsOSGi\application\target\asteroidsosgi\platform\lib\locale\org-openide-util-ui_ru.jar;C:\Users\bende\Documents\SDU\4_Semester\CBSE\ComponentBasedAsteroids\AsteroidsOSGi\application\target\asteroidsosgi\platform\lib\locale\org-openide-util-ui_zh_CN.jar;C:\Users\bende\Documents\SDU\4_Semester\CBSE\ComponentBasedAsteroids\AsteroidsOSGi\application\target\asteroidsosgi\platform\lib\locale\org-openide-util_ja.jar;C:\Users\bende\Documents\SDU\4_Semester\CBSE\ComponentBasedAsteroids\AsteroidsOSGi\application\target\asteroidsosgi\platform\lib\locale\org-openide-util_pt_BR.jar;C:\Users\bende\Documents\SDU\4_Semester\CBSE\ComponentBasedAsteroids\AsteroidsOSGi\application\target\asteroidsosgi\platform\lib\locale\org-openide-util_ru.jar;C:\Users\bende\Documents\SDU\4_Semester\CBSE\ComponentBasedAsteroids\AsteroidsOSGi\application\target\asteroidsosgi\platform\lib\locale\org-openide-util_zh_CN.jar
  Startup Classpath       = C:\Users\bende\Documents\SDU\4_Semester\CBSE\ComponentBasedAsteroids\AsteroidsOSGi\application\target\asteroidsosgi\platform\core\asm-all-5.0.1.jar;C:\Users\bende\Documents\SDU\4_Semester\CBSE\ComponentBasedAsteroids\AsteroidsOSGi\application\target\asteroidsosgi\platform\core\core-base.jar;C:\Users\bende\Documents\SDU\4_Semester\CBSE\ComponentBasedAsteroids\AsteroidsOSGi\application\target\asteroidsosgi\platform\core\core.jar;C:\Users\bende\Documents\SDU\4_Semester\CBSE\ComponentBasedAsteroids\AsteroidsOSGi\application\target\asteroidsosgi\platform\core\org-netbeans-libs-asm.jar;C:\Users\bende\Documents\SDU\4_Semester\CBSE\ComponentBasedAsteroids\AsteroidsOSGi\application\target\asteroidsosgi\platform\core\org-openide-filesystems.jar;C:\Users\bende\Documents\SDU\4_Semester\CBSE\ComponentBasedAsteroids\AsteroidsOSGi\application\target\asteroidsosgi\platform\core\locale\core-base_ja.jar;C:\Users\bende\Documents\SDU\4_Semester\CBSE\ComponentBasedAsteroids\AsteroidsOSGi\application\target\asteroidsosgi\platform\core\locale\core-base_pt_BR.jar;C:\Users\bende\Documents\SDU\4_Semester\CBSE\ComponentBasedAsteroids\AsteroidsOSGi\application\target\asteroidsosgi\platform\core\locale\core-base_ru.jar;C:\Users\bende\Documents\SDU\4_Semester\CBSE\ComponentBasedAsteroids\AsteroidsOSGi\application\target\asteroidsosgi\platform\core\locale\core-base_zh_CN.jar;C:\Users\bende\Documents\SDU\4_Semester\CBSE\ComponentBasedAsteroids\AsteroidsOSGi\application\target\asteroidsosgi\platform\core\locale\core_ja.jar;C:\Users\bende\Documents\SDU\4_Semester\CBSE\ComponentBasedAsteroids\AsteroidsOSGi\application\target\asteroidsosgi\platform\core\locale\core_pt_BR.jar;C:\Users\bende\Documents\SDU\4_Semester\CBSE\ComponentBasedAsteroids\AsteroidsOSGi\application\target\asteroidsosgi\platform\core\locale\core_ru.jar;C:\Users\bende\Documents\SDU\4_Semester\CBSE\ComponentBasedAsteroids\AsteroidsOSGi\application\target\asteroidsosgi\platform\core\locale\core_zh_CN.jar;C:\Users\bende\Documents\SDU\4_Semester\CBSE\ComponentBasedAsteroids\AsteroidsOSGi\application\target\asteroidsosgi\platform\core\locale\org-netbeans-libs-asm_ja.jar;C:\Users\bende\Documents\SDU\4_Semester\CBSE\ComponentBasedAsteroids\AsteroidsOSGi\application\target\asteroidsosgi\platform\core\locale\org-netbeans-libs-asm_pt_BR.jar;C:\Users\bende\Documents\SDU\4_Semester\CBSE\ComponentBasedAsteroids\AsteroidsOSGi\application\target\asteroidsosgi\platform\core\locale\org-netbeans-libs-asm_ru.jar;C:\Users\bende\Documents\SDU\4_Semester\CBSE\ComponentBasedAsteroids\AsteroidsOSGi\application\target\asteroidsosgi\platform\core\locale\org-netbeans-libs-asm_zh_CN.jar;C:\Users\bende\Documents\SDU\4_Semester\CBSE\ComponentBasedAsteroids\AsteroidsOSGi\application\target\asteroidsosgi\platform\core\locale\org-openide-filesystems_ja.jar;C:\Users\bende\Documents\SDU\4_Semester\CBSE\ComponentBasedAsteroids\AsteroidsOSGi\application\target\asteroidsosgi\platform\core\locale\org-openide-filesystems_pt_BR.jar;C:\Users\bende\Documents\SDU\4_Semester\CBSE\ComponentBasedAsteroids\AsteroidsOSGi\application\target\asteroidsosgi\platform\core\locale\org-openide-filesystems_ru.jar;C:\Users\bende\Documents\SDU\4_Semester\CBSE\ComponentBasedAsteroids\AsteroidsOSGi\application\target\asteroidsosgi\platform\core\locale\org-openide-filesystems_zh_CN.jar
-------------------------------------------------------------------------------
INFO [org.netbeans.modules.netbinox]: Install area set to file:/C:/Users/bende/Documents/SDU/4_Semester/CBSE/ComponentBasedAsteroids/AsteroidsOSGi/application/target/asteroidsosgi/
INFO [org.netbeans.core.startup.NbEvents]: Turning on modules:
	org.openide.util.lookup [8.33.1 201609300101]
	org.openide.util [9.7.1 201609300101]
	org.openide.util.ui [9.6.1 201609300101]
	org.openide.modules [7.48.1 201609300101]
	org.openide.filesystems [9.10.1 201609300101]
	org.netbeans.libs.asm [5.3.1 201609300101]
	org.netbeans.bootstrap/1 [2.76.1 201609300101]
	org.netbeans.core.startup.base [1.62.1.1 1 201609300101]
	org.netbeans.core.startup/1 [1.62.1.1 201609300101]
	org.netbeans.libs.osgi [1.21.1 201609300101]
	org.netbeans.core.netigso [1.31.1 201609300101]
	org.netbeans.modules.netbinox [1.41.1 201609300101]
	org.eclipse.osgi.services [3.2.100 3.2.100.v20100503]
	org.eclipse.equinox.util [1.0.500 1.0.500.v20130404-1337]
	org.eclipse.equinox.ds [1.4.400 1.4.400.v20160226-2036]
	dk.sdu.mmmi.cbse.OSGiLibGDX [1.0.0 1.0.0.SNAPSHOT]
	dk.sdu.mmmi.cbse.OSGiLaser [1.0.0 1.0.0.SNAPSHOT]
	dk.sdu.mmmi.cbse.OSGiEnemy [1.0.0 1.0.0.SNAPSHOT]
	dk.sdu.mmmi.cbse.OSGiAsteroidSplitter [1.0.0 1.0.0.SNAPSHOT]
	dk.sdu.mmmi.cbse.OSGiCore [1.0.0 1.0.0.SNAPSHOT]
	dk.sdu.mmmi.cbse.OSGiAsteroids [1.0.0 1.0.0.SNAPSHOT]
	dk.sdu.mmmi.cbse.OSGiExtender [1.0 1.0-20200315 202003151325]
	dk.sdu.mmmi.cbse.OSGiCommonEnemy [1.0.0 1.0.0.SNAPSHOT]
	dk.sdu.mmmi.cbse.OSGiCommonBullet [1.0.0 1.0.0.SNAPSHOT]
	dk.sdu.mmmi.cbse.OSGiCommonAsteroids [1.0.0 1.0.0.SNAPSHOT]
	dk.sdu.mmmi.cbse.OSGiCommon [1.0.0 1.0.0.SNAPSHOT]
	com.diffplug.osgi.extension.sun.reflect [0.0.0 0.0.0]
	com.diffplug.osgi.extension.sun.misc [0.0.0 0.0.0]
INFO [org.netbeans.core.netigso.Netigso]: bundle org.eclipse.osgi@3.9.1.v20140110-1610 started
